<?xml version="1.0" encoding="utf-8"?><testsuites><testsuite name="pytest" errors="0" failures="0" skipped="1" tests="16" time="0.332" timestamp="2022-01-03T12:01:23.116661" hostname="DESKTOP-9CSKUSH"><testcase classname="test_pyt2" name="test_login" time="0.118" /><testcase classname="test_pyt2" name="test_logoff" time="0.001" /><testcase classname="test_pyt2" name="test_good_morning" time="0.001" /><testcase classname="test_pyt2" name="test_afternoon" time="0.001" /><testcase classname="test_pyt2" name="test_calc" time="0.001" /><testcase classname="test_pyt3" name="test_login" time="0.006" /><testcase classname="test_pyt3" name="test_fixture" time="0.002" /><testcase classname="test_pyt3" name="test_logoff" time="0.003" /><testcase classname="test_pyt3" name="test_good_morning" time="0.002"><skipped type="pytest.skip" message="unconditional skip">C:\Users\cahit\Desktop\cucmber\learn_pytest\test_pyt3.py:22: unconditional skip</skipped></testcase><testcase classname="test_pyt3" name="test_afternoon" time="0.002" /><testcase classname="test_pyt3" name="test_calc" time="0.005" /><testcase classname="test_pytets" name="test_login" time="0.003" /><testcase classname="test_pytets" name="test_logoff" time="0.002" /><testcase classname="test_pytets" name="test_good_morning" time="0.002" /><testcase classname="test_pytets" name="test_afternoon" time="0.002" /><testcase classname="test_pytets" name="test_calc" time="0.002" /></testsuite></testsuites>